
Copyright (C) 1994-2023 Synopsys, Inc.
This Synopsys software and all associated documentation are proprietary to Synopsys, Inc.
and may only be used pursuant to the terms and conditions of a written license agreement
with Synopsys, Inc. All other use, reproduction, modification, or distribution of the
Synopsys software or the associated documentation is strictly prohibited.
Tool: Synplify Pro (R)
Build: V-2023.09M
Install: /usr/local/microchip/Libero_SoC_v2024.1/SynplifyPro
OS: Ubuntu 22.04.4 LTS
Hostname: SER7-22
max virtual memory: unlimited (bytes)
max user processes: 110736
max stack size: 8388608 (bytes)


Implementation : synthesis

# Written on Mon Jun  3 21:53:30 2024

##### DESIGN INFO #######################################################

Top View:                "blinky_sd"
Constraint File(s):      "/home/lcwilch/Projects/PolarfireSoC_baremetal/Libero/000_Blinky/Blinky/designer/blinky_sd/synthesis.fdc"




##### SUMMARY ############################################################

Found 0 issues in 0 out of 2 constraints


##### DETAILS ############################################################



Clock Relationships
*******************

Starting                                    Ending                                      |     rise to rise     |     fall to fall     |     rise to fall     |     fall to rise                     
---------------------------------------------------------------------------------------------------------------------------------------------------------------------------------------------------
PF_CCC_C0_0/PF_CCC_C0_0/pll_inst_0/OUT0     PF_CCC_C0_0/PF_CCC_C0_0/pll_inst_0/OUT0     |     93.897           |     No paths         |     No paths         |     No paths                         
===================================================================================================================================================================================================
 Note: 'No paths' indicates there are no paths in the design for that pair of clock edges.
       'Diff grp' indicates that paths exist but the starting clock and ending clock are in different clock groups.


Unconstrained Start/End Points
******************************

p:LEDS[3]
p:LEDS[4]
p:LEDS[5]
p:LEDS[6]
p:LEDS[7]
p:LEDS[8]
p:LEDS[9]
p:LEDS[10]
p:LEDS[11]
p:LEDS[12]
p:LEDS[13]
p:LEDS[14]
p:REFCLK
p:REFCLK_N


Inapplicable constraints
************************

(none)


Applicable constraints with issues
**********************************

(none)


Constraints with matching wildcard expressions
**********************************************

(none)


Library Report
**************


# End of Constraint Checker Report
