
                               Synplify Pro (R) 

                  Version V-2023.09M for win64 - Jan 04, 2024 

                    Copyright (c) 1988 - 2024 Synopsys, Inc.
   This software and the associated documentation are proprietary to Synopsys,
 Inc. This software may only be used in accordance with the terms and conditions
 of a written license agreement with Synopsys, Inc. All other use, reproduction,
   or distribution of this software is strictly prohibited.  Licensed Products
     communicate with Synopsys servers for the purpose of providing software
    updates, detecting software piracy and verifying that customers are using
    Licensed Products in conformity with the applicable License Key for such
  Licensed Products. Synopsys will use information gathered in connection with
    this process to deliver software updates and pursue software pirates and
                                   infringers.

 Inclusivity & Diversity - Visit SolvNetPlus to read the "Synopsys Statement on
            Inclusivity and Diversity" (Refer to article 000036315 at
                        https://solvnetplus.synopsys.com)

Starting:    C:\Microchip\Libero_SoC_v2024.1\SynplifyPro\bin64\mbin\synbatch.exe
Install:     C:\Microchip\Libero_SoC_v2024.1\SynplifyPro
Hostname:    LUCASWILCHB147
Date:        Wed May 15 20:44:21 2024
Version:     V-2023.09M

Arguments:   -product synplify_base -licensetype synplifypro_actel -batch -log synplify.log MPFS_eNVM_test_syn.tcl
ProductType: synplify_pro

License checkout: synplifypro_actel
License: synplifypro_actel node-locked 
Licensed Vendor: actel
License Option: actel_oem

Running in Vendor Mode


scm2hydra_preserve_rtl_sig is not supported in current product.
add_dut_hierarchy is not supported in current product.
prepare_readback is not supported in current product.
auto_infer_blackbox is not supported in current product.
log file: "Z:\Projects\PolarfireSoC_baremetal\Libero\000_MPFS_eNVM\MPFS_eNVM\synthesis\MPFS_eNVM_test.srr"
Running: synthesis in foreground

Running MPFS_eNVM_test_syn|synthesis

Running Flow: compile (Compile) on MPFS_eNVM_test_syn|synthesis
# Wed May 15 20:44:21 2024

Running Flow: compile_flow (Compile Process) on MPFS_eNVM_test_syn|synthesis
# Wed May 15 20:44:21 2024

Running: compiler (Compile Input) on MPFS_eNVM_test_syn|synthesis
# Wed May 15 20:44:21 2024
Copied Z:\Projects\PolarfireSoC_baremetal\Libero\000_MPFS_eNVM\MPFS_eNVM\synthesis\synwork\MPFS_eNVM_test_comp.srs to Z:\Projects\PolarfireSoC_baremetal\Libero\000_MPFS_eNVM\MPFS_eNVM\synthesis\MPFS_eNVM_test.srs

compiler completed
# Wed May 15 20:44:23 2024

Return Code: 0
Run Time:00h:00m:01s

Running: multi_srs_gen (Multi-srs Generator) on MPFS_eNVM_test_syn|synthesis
# Wed May 15 20:44:23 2024

multi_srs_gen completed
# Wed May 15 20:44:24 2024

Return Code: 0
Run Time:00h:00m:01s
Copied Z:\Projects\PolarfireSoC_baremetal\Libero\000_MPFS_eNVM\MPFS_eNVM\synthesis\synwork\MPFS_eNVM_test_mult.srs to Z:\Projects\PolarfireSoC_baremetal\Libero\000_MPFS_eNVM\MPFS_eNVM\synthesis\MPFS_eNVM_test.srs
Complete: Compile Process on MPFS_eNVM_test_syn|synthesis

Running: premap (Premap) on MPFS_eNVM_test_syn|synthesis
# Wed May 15 20:44:24 2024

premap completed
# Wed May 15 20:44:25 2024

Return Code: 0
Run Time:00h:00m:01s
Complete: Compile on MPFS_eNVM_test_syn|synthesis

Running Flow: map (Map) on MPFS_eNVM_test_syn|synthesis
# Wed May 15 20:44:25 2024
License granted for 4 parallel jobs

Running: fpga_mapper (Map & Optimize) on MPFS_eNVM_test_syn|synthesis
# Wed May 15 20:44:25 2024
Copied Z:\Projects\PolarfireSoC_baremetal\Libero\000_MPFS_eNVM\MPFS_eNVM\synthesis\synwork\MPFS_eNVM_test_m.srm to Z:\Projects\PolarfireSoC_baremetal\Libero\000_MPFS_eNVM\MPFS_eNVM\synthesis\MPFS_eNVM_test.srm

fpga_mapper completed with warnings
# Wed May 15 20:44:29 2024

Return Code: 1
Run Time:00h:00m:04s
Complete: Map on MPFS_eNVM_test_syn|synthesis
Complete: Logic Synthesis on MPFS_eNVM_test_syn|synthesis
TCL script complete: "MPFS_eNVM_test_syn.tcl"
exit status=0
exit status=0
License checkin: synplifypro_actel
