{
"Synplify Pro (R) Job Log" : {
	"Date" : "20:44:29    15-May-2024",
	"Working Directory" : "Z:/Projects/PolarfireSoC_baremetal/Libero/000_MPFS_eNVM/MPFS_eNVM/synthesis",
	"Install" : "C:/Microchip/Libero_SoC_v2024.1/SynplifyPro"
},
"synthesis" :{
   "Job Flow" : "Sequential",
   "Start Time" : "20:44:21",
   "Runtime" : "08s",
   "Executable Run Time" : "07s",
   "synthesis" : {
      "Job Flow" : "Sequential",
      "Start Time" : "20:44:21",
      "Runtime" : "08s",
      "Executable Run Time" : "07s",
      "compile" : {
         "Job Flow" : "Sequential",
         "Start Time" : "20:44:21",
         "Runtime" : "04s",
         "Executable Run Time" : "03s",
         "compile_flow" : {
            "Job Flow" : "Sequential",
            "Start Time" : "20:44:21",
            "Runtime" : "03s",
            "Executable Run Time" : "02s",
            "compiler" : {
               "executable" : "bin64/c_hdl.exe",
               "Run Directory" : "Z:/Projects/PolarfireSoC_baremetal/Libero/000_MPFS_eNVM/MPFS_eNVM/synthesis",
               "Run State" : "Complete",
               "Return Code" : "0",
               "Has Errors" : "no",
               "Run Start Time" : "20:44:21",
               "Run Time" : "02s",
               "Exe Run Time" : "01s",
               "Memory Usage" : "-",
               "Up-to-date (run skipped)" : "no"
            },
            "multi_srs_gen" : {
               "executable" : "bin64/syn_nfilter.exe",
               "Run Directory" : "Z:/Projects/PolarfireSoC_baremetal/Libero/000_MPFS_eNVM/MPFS_eNVM/synthesis",
               "Run State" : "Complete",
               "Return Code" : "0",
               "Has Errors" : "no",
               "Run Start Time" : "20:44:23",
               "Run Time" : "01s",
               "Exe Run Time" : "01s",
               "Memory Usage" : "-",
               "Up-to-date (run skipped)" : "no"
            }
         },
         "premap" : {
            "executable" : "bin64/m_generic.exe",
            "Run Directory" : "Z:/Projects/PolarfireSoC_baremetal/Libero/000_MPFS_eNVM/MPFS_eNVM/synthesis",
            "Run State" : "Complete",
            "Return Code" : "0",
            "Has Errors" : "no",
            "Run Start Time" : "20:44:24",
            "Run Time" : "01s",
            "Exe Run Time" : "01s",
            "Memory Usage" : "-",
            "Up-to-date (run skipped)" : "no"
         }
      },
      "map" : {
         "Job Flow" : "Sequential",
         "Start Time" : "20:44:25",
         "Runtime" : "04s",
         "Executable Run Time" : "04s",
         "fpga_mapper" : {
            "executable" : "bin64/m_generic.exe",
            "Run Directory" : "Z:/Projects/PolarfireSoC_baremetal/Libero/000_MPFS_eNVM/MPFS_eNVM/synthesis",
            "Run State" : "Complete",
            "Return Code" : "1",
            "Has Errors" : "no",
            "Run Start Time" : "20:44:25",
            "Run Time" : "04s",
            "Exe Run Time" : "04s",
            "Memory Usage" : "-",
            "Up-to-date (run skipped)" : "no"
         }
      }
   }
}
}