Resource Usage Report for blinky_sd 

Mapping to part: mpfs025tfcvg484std
Cell usage:
CLKINT          2 uses
OSC_RC160MHZ    1 use
PLL             1 use
CFG1           1 use

Carry cells:
ARI1            29 uses - used for arithmetic functions


Sequential Cells: 
SLE            41 uses

DSP Blocks:    0 of 68 (0%)

I/O ports: 14
I/O primitives: 12
OUTBUF         12 uses


Global Clock Buffers: 2

Total LUTs:    30

Extra resources required for RAM and MACC_PA interface logic during P&R:

RAM64X12 Interface Logic : SLEs = 0; LUTs = 0;
RAM1K20  Interface Logic : SLEs = 0; LUTs = 0;
MACC_PA     Interface Logic : SLEs = 0; LUTs = 0;
MACC_PA_BC_ROM     Interface Logic : SLEs = 0; LUTs = 0;

Total number of SLEs after P&R:  41 + 0 + 0 + 0 = 41;
Total number of LUTs after P&R:  30 + 0 + 0 + 0 = 30;

