{
"Synplify Pro (R) Job Log" : {
	"Date" : "20:07:15    21-Jun-2024",
	"Working Directory" : "/home/lcwilch/Projects/PolarfireSoC_baremetal/Libero/001_Blinky_w_jtag/Blink_w_jtag/synthesis",
	"CDPL Log file" : "-",
	"Install" : "/usr/local/microchip/Libero_SoC_v2024.1/SynplifyPro"
},
"synthesis" :{
   "Job Flow" : "Sequential",
   "Start Time" : "20:07:09",
   "Runtime" : "06s",
   "Executable Run Time" : "05s",
   "synthesis" : {
      "Job Flow" : "Sequential",
      "Start Time" : "20:07:09",
      "Runtime" : "06s",
      "Executable Run Time" : "05s",
      "compile" : {
         "Job Flow" : "Sequential",
         "Start Time" : "20:07:09",
         "Runtime" : "03s",
         "Executable Run Time" : "02s",
         "compile_flow" : {
            "Job Flow" : "Sequential",
            "Start Time" : "20:07:09",
            "Runtime" : "02s",
            "Executable Run Time" : "01s",
            "compiler" : {
               "executable" : "bin/c_hdl",
               "Run Directory" : "/home/lcwilch/Projects/PolarfireSoC_baremetal/Libero/001_Blinky_w_jtag/Blink_w_jtag/synthesis",
               "Run State" : "Complete",
               "Return Code" : "0",
               "Has Errors" : "no",
               "Run Start Time" : "20:07:09",
               "Run Time" : "02s",
               "Exe Run Time" : "01s",
               "Memory Usage" : "2.896000",
               "CDPL" : "off",
               "Up-to-date (run skipped)" : "no"
            },
            "multi_srs_gen" : {
               "executable" : "bin/syn_nfilter",
               "Run Directory" : "/home/lcwilch/Projects/PolarfireSoC_baremetal/Libero/001_Blinky_w_jtag/Blink_w_jtag/synthesis",
               "Run State" : "Complete",
               "Return Code" : "0",
               "Has Errors" : "no",
               "Run Start Time" : "20:07:11",
               "Run Time" : "00s",
               "Exe Run Time" : "00s",
               "Memory Usage" : "2.896000",
               "CDPL" : "off",
               "Up-to-date (run skipped)" : "no"
            }
         },
         "premap" : {
            "executable" : "bin/m_generic",
            "Run Directory" : "/home/lcwilch/Projects/PolarfireSoC_baremetal/Libero/001_Blinky_w_jtag/Blink_w_jtag/synthesis",
            "Run State" : "Complete",
            "Return Code" : "1",
            "Has Errors" : "no",
            "Run Start Time" : "20:07:11",
            "Run Time" : "01s",
            "Exe Run Time" : "01s",
            "Memory Usage" : "2.900000",
            "CDPL" : "off",
            "Up-to-date (run skipped)" : "no"
         }
      },
      "map" : {
         "Job Flow" : "Sequential",
         "Start Time" : "20:07:12",
         "Runtime" : "03s",
         "Executable Run Time" : "03s",
         "fpga_mapper" : {
            "executable" : "bin/m_generic",
            "Run Directory" : "/home/lcwilch/Projects/PolarfireSoC_baremetal/Libero/001_Blinky_w_jtag/Blink_w_jtag/synthesis",
            "Run State" : "Complete",
            "Return Code" : "1",
            "Has Errors" : "no",
            "Run Start Time" : "20:07:12",
            "Run Time" : "03s",
            "Exe Run Time" : "03s",
            "Memory Usage" : "2.900000",
            "CDPL" : "off",
            "Up-to-date (run skipped)" : "no"
         }
      }
   }
}
}